<?xml version="1.0" encoding="UTF-8"?>
<testng-results ignored="0" total="1" passed="1" failed="0" skipped="0">
  <reporter-output>
  </reporter-output>
  <suite started-at="2024-06-19T11:53:30 PDT" name="All Test Suite" finished-at="2024-06-19T11:53:33 PDT" duration-ms="2253">
    <groups>
    </groups>
    <test started-at="2024-06-19T11:53:30 PDT" name="/Users/mars_1/IdeaProjects/RestAPIAutomationFramework/src/test/java/Airlines/AirlineTest.java" finished-at="2024-06-19T11:53:33 PDT" duration-ms="2253">
      <class name="Airlines.AirlineTest">
        <test-method signature="createAirline()[pri:0, instance:Airlines.AirlineTest@6a84a97d]" started-at="2024-06-19T11:53:30 PDT" name="createAirline" finished-at="2024-06-19T11:53:33 PDT" duration-ms="2198" status="PASS">
          <reporter-output>
          </reporter-output>
        </test-method> <!-- createAirline -->
      </class> <!-- Airlines.AirlineTest -->
    </test> <!-- /Users/mars_1/IdeaProjects/RestAPIAutomationFramework/src/test/java/Airlines/AirlineTest.java -->
  </suite> <!-- All Test Suite -->
</testng-results>
