<?xml version="1.0" encoding="UTF-8"?>
<testsuite xmlns:xsi="http://www.w3.org/2001/XMLSchema-instance" xsi:noNamespaceSchemaLocation="https://maven.apache.org/surefire/maven-surefire-plugin/xsd/surefire-test-report.xsd" version="3.0.1" name="TestSuite" time="2.95" tests="1" errors="0" skipped="0" failures="0">
  <properties>
[...]
</properties>
  <testcase name="createAirline" classname="Airlines.AirlineTest" time="2.202">
    <system-out><![CDATA[Request method:	POST
Request URI:	https://api.instantwebtools.net/v1/airlines
Proxy:			<none>
Request params:	<none>
Query params:	<none>
Form params:	<none>
Path params:	<none>
Headers:		Accept=*/*
				Content-Type=application/json
Cookies:		<none>
Multiparts:		<none>
Body:
{
    "established": "1990",
    "country": "Sri Lanka",
    "website": "www.srilankaaairways.com",
    "name": "Sri Lankan Airways",
    "head_quaters": "Katunayake, Sri Lanka",
    "logo": "https://upload.wikimedia.org/wikipedia/en/thumb/9/9b/Qatar_Airways_Logo.svg/sri_lanka.png",
    "_id": "252d3bca-d9bb-476c-9a97-562d685e235c",
    "slogan": "From Sri Lanka"
}
HTTP/1.1 200 OK
Server: nginx/1.24.0 (Ubuntu)
Date: Wed, 19 Jun 2024 18:53:33 GMT
Content-Type: application/json; charset=utf-8
Content-Length: 326
Connection: keep-alive
X-Powered-By: Express
Access-Control-Allow-Origin: *
ETag: W/"146-6RIwD5z6mRMPAkUVxsLq7L3dgVo"

{
    "_id": "e0d9cdbd-54b1-4aed-a43f-5c73124b824a",
    "name": "Sri Lankan Airways",
    "country": "Sri Lanka",
    "logo": "https://upload.wikimedia.org/wikipedia/en/thumb/9/9b/Qatar_Airways_Logo.svg/sri_lanka.png",
    "slogan": "From Sri Lanka",
    "head_quaters": "Katunayake, Sri Lanka",
    "website": "www.srilankaaairways.com",
    "established": "1990",
    "__v": 0
}
]]></system-out>
    <system-err><![CDATA[SLF4J: Failed to load class "org.slf4j.impl.StaticLoggerBinder".
SLF4J: Defaulting to no-operation (NOP) logger implementation
SLF4J: See http://www.slf4j.org/codes.html#StaticLoggerBinder for further details.
]]></system-err>
  </testcase>
</testsuite>