<?xml version="1.0" encoding="UTF-8"?>
<!-- Generated by org.testng.reporters.JUnitXMLReporter -->
<testsuite ignored="0" hostname="Marios-MacBook-Pro.local" failures="0" tests="1" name="/Users/mars_1/IdeaProjects/RestAPIAutomationFramework/src/test/java/Airlines/AirlineTest.java" time="2.253" errors="0" timestamp="2024-06-19T11:53:33 PDT">
  <testcase classname="Airlines.AirlineTest" name="createAirline" time="2.198"/>
</testsuite> <!-- /Users/mars_1/IdeaProjects/RestAPIAutomationFramework/src/test/java/Airlines/AirlineTest.java -->
